<?xml version="1.0" encoding="UTF-8"?>
<!-- Generated by org.testng.reporters.JUnitReportReporter -->
<testsuite hostname="NO-CNS-SC-0163" name="cruddy.state.classes.CodeLineTest" tests="1" failures="0" timestamp="1 Sep 2017 06:22:08 GMT" time="0.016" errors="0">
  <testcase name="format" time="0.016" classname="cruddy.state.classes.CodeLineTest"/>
</testsuite> <!-- cruddy.state.classes.CodeLineTest -->
