<?xml version="1.0" encoding="UTF-8"?>
<!-- Generated by org.testng.reporters.JUnitReportReporter -->
<testsuite hostname="NO-CNS-SC-0163" name="cruddy.state.writers.ClassWriterTest" tests="1" failures="0" timestamp="1 Sep 2017 11:57:20 GMT" time="0.066" errors="0">
  <testcase name="writeClass" time="0.066" classname="cruddy.state.writers.ClassWriterTest"/>
</testsuite> <!-- cruddy.state.writers.ClassWriterTest -->
