<?xml version="1.0" encoding="UTF-8"?>
<!-- Generated by org.testng.reporters.JUnitReportReporter -->
<testsuite hostname="NO-CNS-SC-0163" name="cruddy.model.classes.GeneratedDAOTest" tests="1" failures="0" timestamp="9 Sep 2017 21:23:09 GMT" time="0.064" errors="0">
  <testcase name="createAndPrint" time="0.064" classname="cruddy.model.classes.GeneratedDAOTest"/>
</testsuite> <!-- cruddy.model.classes.GeneratedDAOTest -->
