<?xml version="1.0" encoding="UTF-8"?>
<!-- Generated by org.testng.reporters.JUnitReportReporter -->
<testsuite hostname="NO-CNS-SC-0163" name="cruddy.state.classes.ValueObjectTest" tests="10" failures="0" timestamp="9 Sep 2017 05:46:47 GMT" time="0.016" errors="0">
  <testcase name="getFieldDeclarations" time="0.000" classname="cruddy.state.classes.ValueObjectTest"/>
  <testcase name="testEmptyStringPackageDeclaration" time="0.000" classname="cruddy.state.classes.ValueObjectTest"/>
  <testcase name="testPackage" time="0.000" classname="cruddy.state.classes.ValueObjectTest"/>
  <testcase name="checkFileGeneration" time="0.000" classname="cruddy.state.classes.ValueObjectTest"/>
  <testcase name="toStringMethod" time="0.000" classname="cruddy.state.classes.ValueObjectTest"/>
  <testcase name="equalsMethod" time="0.000" classname="cruddy.state.classes.ValueObjectTest"/>
  <testcase name="checkConstructors" time="0.016" classname="cruddy.state.classes.ValueObjectTest"/>
  <testcase name="getMethodDeclarations" time="0.000" classname="cruddy.state.classes.ValueObjectTest"/>
  <testcase name="hashCodeMethod" time="0.000" classname="cruddy.state.classes.ValueObjectTest"/>
  <testcase name="testClassStuff" time="0.000" classname="cruddy.state.classes.ValueObjectTest"/>
</testsuite> <!-- cruddy.state.classes.ValueObjectTest -->
