<?xml version="1.0" encoding="UTF-8"?>
<!-- Generated by org.testng.reporters.JUnitReportReporter -->
<testsuite hostname="NO-CNS-SC-0163" name="cruddy.state.writers.ClassStringWriterTest" tests="1" failures="0" timestamp="1 Sep 2017 10:42:57 GMT" time="0.064" errors="0">
  <testcase name="writeClass" time="0.064" classname="cruddy.state.writers.ClassStringWriterTest"/>
</testsuite> <!-- cruddy.state.writers.ClassStringWriterTest -->
